<?xml version="1.0" encoding="UTF-8"?>
<testsuite name="com.project.demo.rest.InterviewControllerTest" tests="4" skipped="0" failures="0" errors="0" timestamp="2026-02-25T05:01:31" hostname="DARKO" time="0.924">
  <properties/>
  <testcase name="POST /interviews/feedback: retorna 500 cuando ocurre Exception general" classname="com.project.demo.rest.InterviewControllerTest" time="0.856"/>
  <testcase name="POST /interviews: retorna 200 cuando el service responde OK" classname="com.project.demo.rest.InterviewControllerTest" time="0.032"/>
  <testcase name="POST /interviews: retorna 500 cuando ocurre Exception general" classname="com.project.demo.rest.InterviewControllerTest" time="0.01"/>
  <testcase name="POST /interviews/feedback: retorna 200 cuando el service responde OK" classname="com.project.demo.rest.InterviewControllerTest" time="0.011"/>
  <system-out><![CDATA[23:01:23.504 [Test worker] INFO org.springframework.test.context.support.AnnotationConfigContextLoaderUtils -- Could not detect default configuration classes for test class [com.project.demo.rest.InterviewControllerTest]: InterviewControllerTest does not declare any static, non-private, non-final, nested classes annotated with @Configuration.
23:01:23.794 [Test worker] INFO org.springframework.boot.test.context.SpringBootTestContextBootstrapper -- Found @SpringBootConfiguration com.project.demo.BrainQuest for test class com.project.demo.rest.InterviewControllerTest

  .   ____          _            __ _ _
 /\\ / ___'_ __ _ _(_)_ __  __ _ \ \ \ \
( ( )\___ | '_ | '_| | '_ \/ _` | \ \ \ \
 \\/  ___)| |_)| | | | | || (_| |  ) ) ) )
  '  |____| .__|_| |_|_| |_\__, | / / / /
 =========|_|==============|___/=/_/_/_/
 :: Spring Boot ::                (v3.2.5)

2026-02-24T23:01:24.746-06:00  WARN 32168 --- [demo] [    Test worker] ory$DuplicateJsonObjectContextCustomizer : 

Found multiple occurrences of org.json.JSONObject on the class path:

	jar:file:/C:/Users/jpere/.gradle/caches/modules-2/files-2.1/org.json/json/20210307/528c8df3757e8bcf151817b1d7b9b434f6aa08d5/json-20210307.jar!/org/json/JSONObject.class
	jar:file:/C:/Users/jpere/.gradle/caches/modules-2/files-2.1/com.vaadin.external.google/android-json/0.0.20131108.vaadin1/fa26d351fe62a6a17f5cda1287c1c6110dec413f/android-json-0.0.20131108.vaadin1.jar!/org/json/JSONObject.class

You may wish to exclude one of them to ensure predictable runtime behavior

2026-02-24T23:01:24.766-06:00  INFO 32168 --- [demo] [    Test worker] c.p.demo.rest.InterviewControllerTest    : Starting InterviewControllerTest using Java 21.0.6 with PID 32168 (started by jpere in C:\Users\jpere\Documents\BrainQuest-Back)
2026-02-24T23:01:24.768-06:00  INFO 32168 --- [demo] [    Test worker] c.p.demo.rest.InterviewControllerTest    : No active profile set, falling back to 1 default profile: "default"
2026-02-24T23:01:30.611-06:00  INFO 32168 --- [demo] [    Test worker] o.s.s.web.DefaultSecurityFilterChain     : Will secure any request with [org.springframework.security.web.session.DisableEncodeUrlFilter@472719df, org.springframework.security.web.context.request.async.WebAsyncManagerIntegrationFilter@5cfa2ac5, org.springframework.security.web.context.SecurityContextHolderFilter@570ed9c, org.springframework.security.web.header.HeaderWriterFilter@4ad8d36f, org.springframework.web.filter.CorsFilter@4cc89246, org.springframework.security.web.csrf.CsrfFilter@1d1b3620, org.springframework.security.web.authentication.logout.LogoutFilter@3b66ac74, org.springframework.security.oauth2.client.web.OAuth2AuthorizationRequestRedirectFilter@4e61a863, org.springframework.security.oauth2.client.web.OAuth2AuthorizationRequestRedirectFilter@69c1ea07, org.springframework.security.oauth2.client.web.OAuth2LoginAuthenticationFilter@2aa07d80, org.springframework.security.web.authentication.ui.DefaultLoginPageGeneratingFilter@6ffbf0ac, org.springframework.security.web.authentication.ui.DefaultLogoutPageGeneratingFilter@413eaf5d, org.springframework.security.web.savedrequest.RequestCacheAwareFilter@5034681f, org.springframework.security.web.servletapi.SecurityContextHolderAwareRequestFilter@1dfe5dd1, org.springframework.security.web.authentication.AnonymousAuthenticationFilter@3e28af44, org.springframework.security.oauth2.client.web.OAuth2AuthorizationCodeGrantFilter@686e7513, org.springframework.security.web.access.ExceptionTranslationFilter@2f166d61, org.springframework.security.web.access.intercept.AuthorizationFilter@2c154508]
2026-02-24T23:01:30.898-06:00  INFO 32168 --- [demo] [    Test worker] o.s.b.t.m.w.SpringBootMockServletContext : Initializing Spring TestDispatcherServlet ''
2026-02-24T23:01:30.899-06:00  INFO 32168 --- [demo] [    Test worker] o.s.t.web.servlet.TestDispatcherServlet  : Initializing Servlet ''
2026-02-24T23:01:30.903-06:00  INFO 32168 --- [demo] [    Test worker] o.s.t.web.servlet.TestDispatcherServlet  : Completed initialization in 4 ms
2026-02-24T23:01:31.051-06:00  INFO 32168 --- [demo] [    Test worker] c.p.demo.rest.InterviewControllerTest    : Started InterviewControllerTest in 7.009 seconds (process running for 9.139)
]]></system-out>
  <system-err><![CDATA[WARNING: A Java agent has been loaded dynamically (C:\Users\jpere\.gradle\caches\modules-2\files-2.1\net.bytebuddy\byte-buddy-agent\1.14.13\979ce25f7d3096a2e82214ba7dc972a05ce7a171\byte-buddy-agent-1.14.13.jar)
WARNING: If a serviceability tool is in use, please run with -XX:+EnableDynamicAgentLoading to hide this warning
WARNING: If a serviceability tool is not in use, please run with -Djdk.instrument.traceUsage for more information
WARNING: Dynamic loading of agents will be disallowed by default in a future release
]]></system-err>
</testsuite>
