<?xml version="1.0" encoding="UTF-8"?>
<testsuite name="com.project.demo.LearningServiceTest" tests="13" skipped="0" failures="0" errors="0" timestamp="2026-02-23T21:37:09" hostname="DARKO" time="3.365">
  <properties/>
  <testcase name="processFeedback: si respuesta es correcta guarda userAnswer y retorna mensaje" classname="com.project.demo.LearningServiceTest" time="2.346"/>
  <testcase name="parseScenarioResponse: parsea JSON válido y marca opción correcta" classname="com.project.demo.LearningServiceTest" time="0.733"/>
  <testcase name="processFeedback: si Gemini retorna null o blank usa mensaje default" classname="com.project.demo.LearningServiceTest" time="0.025"/>
  <testcase name="processFeedback: si respuesta es incorrecta bloquea opción seleccionada" classname="com.project.demo.LearningServiceTest" time="0.021"/>
  <testcase name="processFeedback: si no existe escenario lanza IllegalArgumentException" classname="com.project.demo.LearningServiceTest" time="0.02"/>
  <testcase name="generateScenario: si Gemini no devuelve JSON (no empieza con '{') lanza excepción" classname="com.project.demo.LearningServiceTest" time="0.019"/>
  <testcase name="generateScenario: incluye narrativa anterior cuando hay pasos previos" classname="com.project.demo.LearningServiceTest" time="0.016"/>
  <testcase name="generateScenario: happy path genera, guarda y retorna scenario" classname="com.project.demo.LearningServiceTest" time="0.041"/>
  <testcase name="processFeedback: si userAnswer no coincide con ninguna opción, no bloquea ninguna" classname="com.project.demo.LearningServiceTest" time="0.015"/>
  <testcase name="processFeedback: si Gemini lanza excepción usa mensaje de error y guarda" classname="com.project.demo.LearningServiceTest" time="0.024"/>
  <testcase name="generateScenario: limpia respuesta tipo ```json ... ```" classname="com.project.demo.LearningServiceTest" time="0.013"/>
  <testcase name="processFeedback: limpia ``` y prefijo json del feedback antes de guardar" classname="com.project.demo.LearningServiceTest" time="0.017"/>
  <testcase name="parseScenarioResponse: si JSON es inválido lanza RuntimeException" classname="com.project.demo.LearningServiceTest" time="0.018"/>
  <system-out><![CDATA[]]></system-out>
  <system-err><![CDATA[WARNING: A Java agent has been loaded dynamically (C:\Users\jpere\.gradle\caches\modules-2\files-2.1\net.bytebuddy\byte-buddy-agent\1.14.13\979ce25f7d3096a2e82214ba7dc972a05ce7a171\byte-buddy-agent-1.14.13.jar)
WARNING: If a serviceability tool is in use, please run with -XX:+EnableDynamicAgentLoading to hide this warning
WARNING: If a serviceability tool is not in use, please run with -Djdk.instrument.traceUsage for more information
WARNING: Dynamic loading of agents will be disallowed by default in a future release
]]></system-err>
</testsuite>
